<?xml version="1.0" encoding="UTF-8"?>
<!-- Generated by org.testng.reporters.JUnitXMLReporter -->
<testsuite ignored="0" hostname="DESKTOP-L1SH7CM" failures="1" tests="3" name="error" time="35.61" errors="0" timestamp="2024-08-01T16:10:46 ICT">
  <testcase classname="test.test.errorValidate" name="loginerrorValidation" time="0.484">
    <skipped/>
  </testcase> <!-- loginerrorValidation -->
  <testcase classname="test.test.errorValidate" name="loginerrorValidation" time="0.398">
    <failure type="java.lang.AssertionError" message="expected [] but found [Incorrect email  password.]">
      <![CDATA[java.lang.AssertionError: expected [] but found [Incorrect email  password.]
at test.test.errorValidate.loginerrorValidation(errorValidate.java:33)
at java.base/java.util.ArrayList.forEach(ArrayList.java:1596)
at java.base/java.util.concurrent.FutureTask.run(FutureTask.java:317)
at java.base/java.util.concurrent.ThreadPoolExecutor.runWorker(ThreadPoolExecutor.java:1144)
at java.base/java.util.concurrent.ThreadPoolExecutor$Worker.run(ThreadPoolExecutor.java:642)
at java.base/java.lang.Thread.run(Thread.java:1583)
... Removed 21 stack frames]]>
    </failure>
  </testcase> <!-- loginerrorValidation -->
  <testcase classname="test.test.errorValidate" name="productValidation" time="23.648"/>
</testsuite> <!-- error -->
